#
# A fatal error has been detected by the Java Runtime Environment:
#
#  SIGSEGV (0xb) at pc=0x000000010f9f1b25, pid=37026, tid=8963
#
# JRE version: Java(TM) SE Runtime Environment (7.0_71-b14) (build 1.7.0_71-b14)
# Java VM: Java HotSpot(TM) 64-Bit Server VM (24.71-b01 mixed mode bsd-amd64 compressed oops)
# Problematic frame:
# V  [libjvm.dylib+0x1f1b25]
#
# Failed to write core dump. Core dumps have been disabled. To enable core dumping, try "ulimit -c unlimited" before starting Java again
#
# If you would like to submit a bug report, please visit:
#   http://bugreport.sun.com/bugreport/crash.jsp
#

---------------  T H R E A D  ---------------

Current thread (0x00007ff7eb00e000):  GCTaskThread [stack: 0x00000001138b4000,0x00000001139b4000] [id=8963]

siginfo:si_signo=SIGSEGV: si_errno=0, si_code=1 (SEGV_MAPERR), si_addr=0x00000000000000b0

Registers:
RAX=0x0000000000000000, RBX=0x00000007c07f37f8, RCX=0x0000000000000003, RDX=0x00000007eaa80001
RSP=0x00000001139b3c90, RBP=0x00000001139b3c90, RSI=0x00000007c07f3720, RDI=0x00000007c0241440
R8 =0x0000000000000014, R9 =0x000000011000d260, R10=0x0000000003e2dabf, R11=0x0000000113406abf
R12=0x00000001133dcf9c, R13=0x00000007c07f2000, R14=0x00000007c07f3720, R15=0x000000010f7da000
RIP=0x000000010f9f1b25, EFLAGS=0x0000000000010246, ERR=0x0000000000000004
  TRAPNO=0x000000000000000e

Top of Stack: (sp=0x00000001139b3c90)
0x00000001139b3c90:   00000001139b3cc0 000000010f96cd45
0x00000001139b3ca0:   00000001133dcf90 00000007c07f2000
0x00000001139b3cb0:   00000001133dd001 00000001133dcf91
0x00000001139b3cc0:   00000001139b3d80 000000010f96c968
0x00000001139b3cd0:   00007ff7e970c000 0000000000000200
0x00000001139b3ce0:   fffffffeecbf9540 0000000000000180
0x00000001139b3cf0:   0000000113406abe 000000010f5d9180
0x00000001139b3d00:   0000000113406abf 0000000003e03e00
0x00000001139b3d10:   fffffffeecc22fff 0000000003e2dabf
0x00000001139b3d20:   00000001133dd000 00000001133dcf81
0x00000001139b3d30:   00000007c5b57c88 00000007c0800000
0x00000001139b3d40:   00007ff7e97067e0 00007ff7e95129c0
0x00000001139b3d50:   00007ff7e9706550 00007ff7e970f180
0x00000001139b3d60:   0000000000000000 000000010fd7d3f6
0x00000001139b3d70:   00007ff7e95129c0 0000000000000001
0x00000001139b3d80:   00000001139b3db0 000000010fc5e877
0x00000001139b3d90:   0000000000000004 00007ff7e9709d70
0x00000001139b3da0:   00007ff7eb00e000 00007ff7e970f180
0x00000001139b3db0:   00000001139b3e90 000000010fa6d147
0x00000001139b3dc0:   00000001139b3df0 00007ff7e970b230
0x00000001139b3dd0:   00007ff7e970b260 00007ff7e970b270
0x00000001139b3de0:   00007ff7e970b648 00000000000003d8
0x00000001139b3df0:   00007ff7eb00e000 00007ff7e970b650
0x00000001139b3e00:   00007ff7e970b680 00007ff7e970b690
0x00000001139b3e10:   00007ff7e970ba68 00000000000003d8
0x00000001139b3e20:   00000001139b3e30 0000000000000000
0x00000001139b3e30:   00007ff7eb00e000 00007ff7e970b650
0x00000001139b3e40:   00007ff7e970b680 00007ff7e970b690
0x00000001139b3e50:   00007ff7e970ba68 00000000000003d8
0x00000001139b3e60:   00007ff7e970ba70 00007ff7eb00e000
0x00000001139b3e70:   00000000002a262f 00000000000008ff
0x00000001139b3e80:   00007ff7e970c330 00007ff7e970c3a0 

Instructions: (pc=0x000000010f9f1b25)
0x000000010f9f1b05:   00 48 01 c1 48 ba ff ff ff ff 07 00 00 00 48 01
0x000000010f9f1b15:   ca 48 f7 d8 48 21 d0 48 c1 e8 03 5d c3 48 8b 07
0x000000010f9f1b25:   48 8b 80 b0 00 00 00 5d ff e0 90 55 48 89 e5 48
0x000000010f9f1b35:   8d 05 25 b7 61 00 80 38 00 74 15 48 8d 05 e9 8c 

Register to memory mapping:

RAX=0x0000000000000000 is an unknown value
RBX=
[error occurred during error reporting (printing register info), id 0xb]

Stack: [0x00000001138b4000,0x00000001139b4000],  sp=0x00000001139b3c90,  free space=1023k
Native frames: (J=compiled Java code, j=interpreted, Vv=VM code, C=native code)
V  [libjvm.dylib+0x1f1b25]
V  [libjvm.dylib+0x16cd45]
V  [libjvm.dylib+0x16c968]
V  [libjvm.dylib+0x45e877]
V  [libjvm.dylib+0x26d147]
V  [libjvm.dylib+0x420e02]
C  [libsystem_pthread.dylib+0x3268]  _pthread_body+0x83
C  [libsystem_pthread.dylib+0x31e5]  _pthread_body+0x0
C  [libsystem_pthread.dylib+0x141d]  thread_start+0xd


---------------  P R O C E S S  ---------------

Java Threads: ( => current thread )
  0x00007ff7ec307000 JavaThread "pool-8-thread-1" [_thread_blocked, id=37151, stack(0x000000011ac81000,0x000000011ad81000)]
  0x00007ff7e9874800 JavaThread "Stdin handler" [_thread_blocked, id=51231, stack(0x000000011aa06000,0x000000011ab06000)]
  0x00007ff7ea758800 JavaThread "Daemon worker Thread 7" [_thread_blocked, id=13099, stack(0x000000011a5f3000,0x000000011a6f3000)]
  0x00007ff7ed428800 JavaThread "Cancel handler" [_thread_blocked, id=38183, stack(0x000000011a4f0000,0x000000011a5f0000)]
  0x00007ff7ecc98800 JavaThread "Handler for socket connection from /127.0.0.1:49781 to /127.0.0.1:58154" [_thread_in_native, id=31007, stack(0x000000011a3ed000,0x000000011a4ed000)]
  0x00007ff7ea57b800 JavaThread "Daemon Thread 7" [_thread_blocked, id=19227, stack(0x000000011a2ea000,0x000000011a3ea000)]
  0x00007ff7ea0f1000 JavaThread "File lock request listener" [_thread_in_native, id=22275, stack(0x0000000119ea7000,0x0000000119fa7000)]
  0x00007ff7ea239800 JavaThread "Incoming local TCP Connector on port 49781" [_thread_in_native, id=18691, stack(0x000000011a1e7000,0x000000011a2e7000)]
  0x00007ff7eb03f000 JavaThread "Service Thread" daemon [_thread_blocked, id=17667, stack(0x0000000119847000,0x0000000119947000)]
  0x00007ff7eb03e000 JavaThread "C2 CompilerThread1" daemon [_thread_blocked, id=17155, stack(0x0000000119744000,0x0000000119844000)]
  0x00007ff7eb03c800 JavaThread "C2 CompilerThread0" daemon [_thread_blocked, id=16643, stack(0x0000000119641000,0x0000000119741000)]
  0x00007ff7eb009800 JavaThread "Signal Dispatcher" daemon [_thread_blocked, id=13335, stack(0x000000011953e000,0x000000011963e000)]
  0x00007ff7e980e800 JavaThread "Finalizer" daemon [_thread_blocked, id=11523, stack(0x0000000117b14000,0x0000000117c14000)]
  0x00007ff7e980e000 JavaThread "Reference Handler" daemon [_thread_blocked, id=11011, stack(0x0000000117a11000,0x0000000117b11000)]
  0x00007ff7eb000000 JavaThread "main" [_thread_blocked, id=4867, stack(0x000000010eee6000,0x000000010efe6000)]

Other Threads:
  0x00007ff7ea008800 VMThread [stack: 0x000000011790e000,0x0000000117a0e000] [id=10499]
  0x00007ff7eb03a000 WatcherThread [stack: 0x000000011994a000,0x0000000119a4a000] [id=18179]

=>0x00007ff7eb00e000 (exited) GCTaskThread [stack: 0x00000001138b4000,0x00000001139b4000] [id=8963]

VM state:at safepoint (normal execution)

VM Mutex/Monitor currently owned by a thread:  ([mutex/lock_event])
[0x00007ff7e9601a60] Threads_lock - owner thread: 0x00007ff7ea008800
[0x00007ff7e9601f60] Heap_lock - owner thread: 0x00007ff7ea758800

Heap
 PSYoungGen      total 226816K, used 209920K [0x00000007eaa80000, 0x00000007fe280000, 0x0000000800000000)
  eden space 209920K, 100% used [0x00000007eaa80000,0x00000007f7780000,0x00000007f7780000)
  from space 16896K, 0% used [0x00000007f7780000,0x00000007f7780000,0x00000007f8800000)
  to   space 54784K, 21% used [0x00000007fad00000,0x00000007fb869a50,0x00000007fe280000)
 ParOldGen       total 201728K, used 93535K [0x00000007c0000000, 0x00000007cc500000, 0x00000007eaa80000)
  object space 201728K, 46% used [0x00000007c0000000,0x00000007c5b57c88,0x00000007cc500000)
 PSPermGen       total 145408K, used 105233K [0x00000007b0000000, 0x00000007b8e00000, 0x00000007c0000000)
  object space 145408K, 72% used [0x00000007b0000000,0x00000007b66c4440,0x00000007b8e00000)

Card table byte_map: [0x0000000113359000,0x00000001135da000] byte_map_base: 0x000000010f5d9000

Polling page: 0x000000010eff5000

Code Cache  [0x0000000110299000, 0x0000000110c09000, 0x0000000113299000)
 total_blobs=3009 nmethods=2348 adapters=613 free_code_cache=39610Kb largest_free_block=40437312

Compilation events (10 events):
Event: 2704.443 Thread 0x00007ff7eb03c800 nmethod 2597 0x0000000110a99010 code [0x0000000110a99160, 0x0000000110a992d8]
Event: 2704.444 Thread 0x00007ff7eb03e000 nmethod 2596 0x0000000110a60450 code [0x0000000110a605c0, 0x0000000110a608c8]
Event: 2704.444 Thread 0x00007ff7eb03e000 2598             com.google.common.collect.AbstractMapBasedMultimap$RandomAccessWrappedList::<init> (15 bytes)
Event: 2704.444 Thread 0x00007ff7eb03c800 2599             com.google.common.collect.AbstractMapBasedMultimap$WrappedList::<init> (15 bytes)
Event: 2704.445 Thread 0x00007ff7eb03e000 nmethod 2598 0x0000000110bea690 code [0x0000000110bea7c0, 0x0000000110bea898]
Event: 2704.445 Thread 0x00007ff7eb03c800 nmethod 2599 0x0000000110bf2c90 code [0x0000000110bf2dc0, 0x0000000110bf2e78]
Event: 2704.445 Thread 0x00007ff7eb03c800 2600             com.android.ide.common.res2.DataItem::getSource (5 bytes)
Event: 2704.445 Thread 0x00007ff7eb03c800 nmethod 2600 0x0000000110ac4810 code [0x0000000110ac4940, 0x0000000110ac49b8]
Event: 2704.452 Thread 0x00007ff7eb03c800 2601             com.google.common.collect.AbstractMapBasedMultimap::get (31 bytes)
Event: 2704.453 Thread 0x00007ff7eb03e000 2602             com.google.common.collect.ArrayListMultimap::get (6 bytes)

GC Heap History (10 events):
Event: 931.012 GC heap after
Heap after GC invocations=32 (full 6):
 PSYoungGen      total 258560K, used 22798K [0x00000007eaa80000, 0x00000007fd800000, 0x0000000800000000)
  eden space 227840K, 0% used [0x00000007eaa80000,0x00000007eaa80000,0x00000007f8900000)
  from space 30720K, 74% used [0x00000007fba00000,0x00000007fd0439d8,0x00000007fd800000)
  to   space 40448K, 0% used [0x00000007f8900000,0x00000007f8900000,0x00000007fb080000)
 ParOldGen       total 201728K, used 147365K [0x00000007c0000000, 0x00000007cc500000, 0x00000007eaa80000)
  object space 201728K, 73% used [0x00000007c0000000,0x00000007c8fe9630,0x00000007cc500000)
 PSPermGen       total 165888K, used 125982K [0x00000007b0000000, 0x00000007ba200000, 0x00000007c0000000)
  object space 165888K, 75% used [0x00000007b0000000,0x00000007b7b07830,0x00000007ba200000)
}
Event: 941.165 GC heap before
{Heap before GC invocations=33 (full 6):
 PSYoungGen      total 258560K, used 250638K [0x00000007eaa80000, 0x00000007fd800000, 0x0000000800000000)
  eden space 227840K, 100% used [0x00000007eaa80000,0x00000007f8900000,0x00000007f8900000)
  from space 30720K, 74% used [0x00000007fba00000,0x00000007fd0439d8,0x00000007fd800000)
  to   space 40448K, 0% used [0x00000007f8900000,0x00000007f8900000,0x00000007fb080000)
 ParOldGen       total 201728K, used 147365K [0x00000007c0000000, 0x00000007cc500000, 0x00000007eaa80000)
  object space 201728K, 73% used [0x00000007c0000000,0x00000007c8fe9630,0x00000007cc500000)
 PSPermGen       total 165888K, used 134610K [0x00000007b0000000, 0x00000007ba200000, 0x00000007c0000000)
  object space 165888K, 81% used [0x00000007b0000000,0x00000007b8374b08,0x00000007ba200000)
Event: 941.212 GC heap after
Heap after GC invocations=33 (full 6):
 PSYoungGen      total 259072K, used 40429K [0x00000007eaa80000, 0x00000007fdb00000, 0x0000000800000000)
  eden space 218624K, 0% used [0x00000007eaa80000,0x00000007eaa80000,0x00000007f8000000)
  from space 40448K, 99% used [0x00000007f8900000,0x00000007fb07b5b8,0x00000007fb080000)
  to   space 43520K, 0% used [0x00000007fb080000,0x00000007fb080000,0x00000007fdb00000)
 ParOldGen       total 201728K, used 147407K [0x00000007c0000000, 0x00000007cc500000, 0x00000007eaa80000)
  object space 201728K, 73% used [0x00000007c0000000,0x00000007c8ff3c40,0x00000007cc500000)
 PSPermGen       total 165888K, used 134610K [0x00000007b0000000, 0x00000007ba200000, 0x00000007c0000000)
  object space 165888K, 81% used [0x00000007b0000000,0x00000007b8374b08,0x00000007ba200000)
}
Event: 1739.597 GC heap before
{Heap before GC invocations=34 (full 6):
 PSYoungGen      total 259072K, used 259053K [0x00000007eaa80000, 0x00000007fdb00000, 0x0000000800000000)
  eden space 218624K, 100% used [0x00000007eaa80000,0x00000007f8000000,0x00000007f8000000)
  from space 40448K, 99% used [0x00000007f8900000,0x00000007fb07b5b8,0x00000007fb080000)
  to   space 43520K, 0% used [0x00000007fb080000,0x00000007fb080000,0x00000007fdb00000)
 ParOldGen       total 201728K, used 147407K [0x00000007c0000000, 0x00000007cc500000, 0x00000007eaa80000)
  object space 201728K, 73% used [0x00000007c0000000,0x00000007c8ff3c40,0x00000007cc500000)
 PSPermGen       total 165888K, used 143839K [0x00000007b0000000, 0x00000007ba200000, 0x00000007c0000000)
  object space 165888K, 86% used [0x00000007b0000000,0x00000007b8c77d90,0x00000007ba200000)
Event: 1739.676 GC heap after
Heap after GC invocations=34 (full 6):
 PSYoungGen      total 253440K, used 43497K [0x00000007eaa80000, 0x00000007fe680000, 0x0000000800000000)
  eden space 209920K, 0% used [0x00000007eaa80000,0x00000007eaa80000,0x00000007f7780000)
  from space 43520K, 99% used [0x00000007fb080000,0x00000007fdafa4f8,0x00000007fdb00000)
  to   space 56832K, 0% used [0x00000007f7780000,0x00000007f7780000,0x00000007faf00000)
 ParOldGen       total 201728K, used 158564K [0x00000007c0000000, 0x00000007cc500000, 0x00000007eaa80000)
  object space 201728K, 78% used [0x00000007c0000000,0x00000007c9ad9098,0x00000007cc500000)
 PSPermGen       total 165888K, used 143839K [0x00000007b0000000, 0x00000007ba200000, 0x00000007c0000000)
  object space 165888K, 86% used [0x00000007b0000000,0x00000007b8c77d90,0x00000007ba200000)
}
Event: 1751.190 GC heap before
{Heap before GC invocations=35 (full 6):
 PSYoungGen      total 253440K, used 102610K [0x00000007eaa80000, 0x00000007fe680000, 0x0000000800000000)
  eden space 209920K, 28% used [0x00000007eaa80000,0x00000007ee43a528,0x00000007f7780000)
  from space 43520K, 99% used [0x00000007fb080000,0x00000007fdafa4f8,0x00000007fdb00000)
  to   space 56832K, 0% used [0x00000007f7780000,0x00000007f7780000,0x00000007faf00000)
 ParOldGen       total 201728K, used 158564K [0x00000007c0000000, 0x00000007cc500000, 0x00000007eaa80000)
  object space 201728K, 78% used [0x00000007c0000000,0x00000007c9ad9098,0x00000007cc500000)
 PSPermGen       total 165888K, used 144875K [0x00000007b0000000, 0x00000007ba200000, 0x00000007c0000000)
  object space 165888K, 87% used [0x00000007b0000000,0x00000007b8d7ac28,0x00000007ba200000)
Event: 1751.299 GC heap after
Heap after GC invocations=35 (full 6):
 PSYoungGen      total 226816K, used 16442K [0x00000007eaa80000, 0x00000007fe280000, 0x0000000800000000)
  eden space 209920K, 0% used [0x00000007eaa80000,0x00000007eaa80000,0x00000007f7780000)
  from space 16896K, 97% used [0x00000007f7780000,0x00000007f878eab0,0x00000007f8800000)
  to   space 54784K, 0% used [0x00000007fad00000,0x00000007fad00000,0x00000007fe280000)
 ParOldGen       total 201728K, used 185349K [0x00000007c0000000, 0x00000007cc500000, 0x00000007eaa80000)
  object space 201728K, 91% used [0x00000007c0000000,0x00000007cb501598,0x00000007cc500000)
 PSPermGen       total 165888K, used 144875K [0x00000007b0000000, 0x00000007ba200000, 0x00000007c0000000)
  object space 165888K, 87% used [0x00000007b0000000,0x00000007b8d7ac28,0x00000007ba200000)
}
Event: 1751.299 GC heap before
{Heap before GC invocations=36 (full 7):
 PSYoungGen      total 226816K, used 16442K [0x00000007eaa80000, 0x00000007fe280000, 0x0000000800000000)
  eden space 209920K, 0% used [0x00000007eaa80000,0x00000007eaa80000,0x00000007f7780000)
  from space 16896K, 97% used [0x00000007f7780000,0x00000007f878eab0,0x00000007f8800000)
  to   space 54784K, 0% used [0x00000007fad00000,0x00000007fad00000,0x00000007fe280000)
 ParOldGen       total 201728K, used 185349K [0x00000007c0000000, 0x00000007cc500000, 0x00000007eaa80000)
  object space 201728K, 91% used [0x00000007c0000000,0x00000007cb501598,0x00000007cc500000)
 PSPermGen       total 165888K, used 144875K [0x00000007b0000000, 0x00000007ba200000, 0x00000007c0000000)
  object space 165888K, 87% used [0x00000007b0000000,0x00000007b8d7ac28,0x00000007ba200000)
Event: 1752.538 GC heap after
Heap after GC invocations=36 (full 7):
 PSYoungGen      total 226816K, used 0K [0x00000007eaa80000, 0x00000007fe280000, 0x0000000800000000)
  eden space 209920K, 0% used [0x00000007eaa80000,0x00000007eaa80000,0x00000007f7780000)
  from space 16896K, 0% used [0x00000007f7780000,0x00000007f7780000,0x00000007f8800000)
  to   space 54784K, 0% used [0x00000007fad00000,0x00000007fad00000,0x00000007fe280000)
 ParOldGen       total 201728K, used 93535K [0x00000007c0000000, 0x00000007cc500000, 0x00000007eaa80000)
  object space 201728K, 46% used [0x00000007c0000000,0x00000007c5b57c88,0x00000007cc500000)
 PSPermGen       total 145408K, used 96623K [0x00000007b0000000, 0x00000007b8e00000, 0x00000007c0000000)
  object space 145408K, 66% used [0x00000007b0000000,0x00000007b5e5be10,0x00000007b8e00000)
}
Event: 2704.460 GC heap before
{Heap before GC invocations=37 (full 7):
 PSYoungGen      total 226816K, used 209920K [0x00000007eaa80000, 0x00000007fe280000, 0x0000000800000000)
  eden space 209920K, 100% used [0x00000007eaa80000,0x00000007f7780000,0x00000007f7780000)
  from space 16896K, 0% used [0x00000007f7780000,0x00000007f7780000,0x00000007f8800000)
  to   space 54784K, 0% used [0x00000007fad00000,0x00000007fad00000,0x00000007fe280000)
 ParOldGen       total 201728K, used 93535K [0x00000007c0000000, 0x00000007cc500000, 0x00000007eaa80000)
  object space 201728K, 46% used [0x00000007c0000000,0x00000007c5b57c88,0x00000007cc500000)
 PSPermGen       total 145408K, used 105233K [0x00000007b0000000, 0x00000007b8e00000, 0x00000007c0000000)
  object space 145408K, 72% used [0x00000007b0000000,0x00000007b66c4440,0x00000007b8e00000)

Deoptimization events (10 events):
Event: 1752.543 Thread 0x00007ff7e980e800 Uncommon trap: reason=unreached action=reinterpret pc=0x0000000110834ed0 method=ch.qos.logback.classic.Logger.isDebugEnabled(Lorg/slf4j/Marker;)Z @ 36
Event: 1752.544 Thread 0x00007ff7e980e800 Uncommon trap: reason=unreached action=reinterpret pc=0x000000011083720c method=ch.qos.logback.classic.Logger.isDebugEnabled(Lorg/slf4j/Marker;)Z @ 36
Event: 1752.577 Thread 0x00007ff7ea57b800 Uncommon trap: reason=unreached action=reinterpret pc=0x000000011099ab9c method=java.io.ObjectStreamClass.processQueue(Ljava/lang/ref/ReferenceQueue;Ljava/util/concurrent/ConcurrentMap;)V @ 6
Event: 1752.577 Thread 0x00007ff7ea57b800 Uncommon trap: reason=unreached action=reinterpret pc=0x000000011097b7dc method=java.io.ObjectStreamClass.processQueue(Ljava/lang/ref/ReferenceQueue;Ljava/util/concurrent/ConcurrentMap;)V @ 6
Event: 2697.320 Thread 0x00007ff7ea758800 Uncommon trap: reason=unreached action=reinterpret pc=0x000000011089d684 method=org.codehaus.groovy.util.ReferenceManager$1.removeStallEntries()V @ 11
Event: 2702.837 Thread 0x00007ff7ea758800 Uncommon trap: reason=unreached action=reinterpret pc=0x00000001109bbbdc method=org.codehaus.groovy.util.ManagedConcurrentMap$Entry.isValid()Z @ 4
Event: 2704.296 Thread 0x00007ff7ea758800 Uncommon trap: reason=unreached action=reinterpret pc=0x0000000110a8bcf8 method=org.codehaus.groovy.util.LazyReference.get()Ljava/lang/Object; @ 33
Event: 2704.296 Thread 0x00007ff7ea758800 Uncommon trap: reason=null_check action=make_not_entrant pc=0x000000011054a7b0 method=java.lang.Class.reflectionData()Ljava/lang/Class$ReflectionData; @ 24
Event: 2704.403 Thread 0x00007ff7ea758800 Uncommon trap: reason=null_check action=make_not_entrant pc=0x000000011034ab5c method=java.beans.PropertyDescriptor.getReadMethod0()Ljava/lang/reflect/Method; @ 14
Event: 2704.405 Thread 0x00007ff7ea758800 Uncommon trap: reason=null_check action=make_not_entrant pc=0x000000011033a31c method=java.beans.PropertyDescriptor.getReadMethod0()Ljava/lang/reflect/Method; @ 14

Internal exceptions (10 events):
Event: 2704.423 Thread 0x00007ff7ea758800 Threw 0x00000007f75f2968 at /HUDSON/workspace/7u-2-build-macosx-x86_64/jdk7u71/1605/hotspot/src/share/vm/classfile/systemDictionary.cpp:185
Event: 2704.423 Thread 0x00007ff7ea758800 Threw 0x00000007f75f6f58 at /HUDSON/workspace/7u-2-build-macosx-x86_64/jdk7u71/1605/hotspot/src/share/vm/prims/jvm.cpp:1281
Event: 2704.423 Thread 0x00007ff7ea758800 Threw 0x00000007f75fb218 at /HUDSON/workspace/7u-2-build-macosx-x86_64/jdk7u71/1605/hotspot/src/share/vm/prims/jvm.cpp:1281
Event: 2704.423 Thread 0x00007ff7ea758800 Threw 0x00000007f75fb6c8 at /HUDSON/workspace/7u-2-build-macosx-x86_64/jdk7u71/1605/hotspot/src/share/vm/classfile/systemDictionary.cpp:185
Event: 2704.423 Thread 0x00007ff7ea758800 Threw 0x00000007f75ffd98 at /HUDSON/workspace/7u-2-build-macosx-x86_64/jdk7u71/1605/hotspot/src/share/vm/prims/jvm.cpp:1281
Event: 2704.423 Thread 0x00007ff7ea758800 Threw 0x00000007f7604190 at /HUDSON/workspace/7u-2-build-macosx-x86_64/jdk7u71/1605/hotspot/src/share/vm/prims/jvm.cpp:1281
Event: 2704.423 Thread 0x00007ff7ea758800 Threw 0x00000007f7604648 at /HUDSON/workspace/7u-2-build-macosx-x86_64/jdk7u71/1605/hotspot/src/share/vm/classfile/systemDictionary.cpp:185
Event: 2704.423 Thread 0x00007ff7ea758800 Threw 0x00000007f760c4d8 at /HUDSON/workspace/7u-2-build-macosx-x86_64/jdk7u71/1605/hotspot/src/share/vm/prims/jvm.cpp:1281
Event: 2704.424 Thread 0x00007ff7ea758800 Threw 0x00000007f7610fb0 at /HUDSON/workspace/7u-2-build-macosx-x86_64/jdk7u71/1605/hotspot/src/share/vm/prims/jvm.cpp:1281
Event: 2704.424 Thread 0x00007ff7ea758800 Threw 0x00000007f7611478 at /HUDSON/workspace/7u-2-build-macosx-x86_64/jdk7u71/1605/hotspot/src/share/vm/classfile/systemDictionary.cpp:185

Events (10 events):
Event: 2704.452 Executing VM operation: RevokeBias done
Event: 2704.452 Executing VM operation: RevokeBias
Event: 2704.452 Executing VM operation: RevokeBias done
Event: 2704.452 Executing VM operation: RevokeBias
Event: 2704.452 Executing VM operation: RevokeBias done
Event: 2704.453 Executing VM operation: RevokeBias
Event: 2704.453 Executing VM operation: RevokeBias done
Event: 2704.453 Executing VM operation: RevokeBias
Event: 2704.453 Executing VM operation: RevokeBias done
Event: 2704.460 Executing VM operation: ParallelGCFailedAllocation


Dynamic libraries:
0x000000000ba48000 	/System/Library/Frameworks/Cocoa.framework/Versions/A/Cocoa
0x000000000ba48000 	/System/Library/Frameworks/Security.framework/Versions/A/Security
0x000000000ba48000 	/System/Library/Frameworks/ApplicationServices.framework/Versions/A/ApplicationServices
0x000000000ba48000 	/usr/lib/libz.1.dylib
0x000000000ba48000 	/usr/lib/libSystem.B.dylib
0x000000000ba48000 	/usr/lib/libobjc.A.dylib
0x000000000ba48000 	/System/Library/Frameworks/CoreFoundation.framework/Versions/A/CoreFoundation
0x000000000ba48000 	/System/Library/Frameworks/Foundation.framework/Versions/C/Foundation
0x000000000ba48000 	/System/Library/Frameworks/AppKit.framework/Versions/C/AppKit
0x000000000ba48000 	/System/Library/Frameworks/CoreData.framework/Versions/A/CoreData
0x000000000ba48000 	/System/Library/PrivateFrameworks/RemoteViewServices.framework/Versions/A/RemoteViewServices
0x000000000ba48000 	/System/Library/PrivateFrameworks/UIFoundation.framework/Versions/A/UIFoundation
0x000000000ba48000 	/System/Library/Frameworks/IOSurface.framework/Versions/A/IOSurface
0x000000000ba48000 	/System/Library/Frameworks/AudioToolbox.framework/Versions/A/AudioToolbox
0x000000000ba48000 	/System/Library/Frameworks/AudioUnit.framework/Versions/A/AudioUnit
0x000000000ba48000 	/System/Library/PrivateFrameworks/DataDetectorsCore.framework/Versions/A/DataDetectorsCore
0x000000000ba48000 	/System/Library/PrivateFrameworks/DesktopServicesPriv.framework/Versions/A/DesktopServicesPriv
0x000000000ba48000 	/System/Library/Frameworks/Carbon.framework/Versions/A/Frameworks/HIToolbox.framework/Versions/A/HIToolbox
0x000000000ba48000 	/System/Library/Frameworks/QuartzCore.framework/Versions/A/QuartzCore
0x000000000ba48000 	/System/Library/Frameworks/Carbon.framework/Versions/A/Frameworks/SpeechRecognition.framework/Versions/A/SpeechRecognition
0x000000000ba48000 	/usr/lib/libauto.dylib
0x000000000ba48000 	/usr/lib/libicucore.A.dylib
0x000000000ba48000 	/usr/lib/libxml2.2.dylib
0x000000000ba48000 	/System/Library/PrivateFrameworks/CoreUI.framework/Versions/A/CoreUI
0x000000000ba48000 	/System/Library/Frameworks/CoreAudio.framework/Versions/A/CoreAudio
0x000000000ba48000 	/System/Library/Frameworks/DiskArbitration.framework/Versions/A/DiskArbitration
0x000000000ba48000 	/usr/lib/liblangid.dylib
0x000000000ba48000 	/System/Library/PrivateFrameworks/MultitouchSupport.framework/Versions/A/MultitouchSupport
0x000000000ba48000 	/System/Library/Frameworks/IOKit.framework/Versions/A/IOKit
0x000000000ba48000 	/usr/lib/libDiagnosticMessagesClient.dylib
0x000000000ba48000 	/System/Library/Frameworks/CoreServices.framework/Versions/A/CoreServices
0x000000000ba48000 	/System/Library/PrivateFrameworks/PerformanceAnalysis.framework/Versions/A/PerformanceAnalysis
0x000000000ba48000 	/System/Library/PrivateFrameworks/GenerationalStorage.framework/Versions/A/GenerationalStorage
0x000000000ba48000 	/System/Library/Frameworks/OpenGL.framework/Versions/A/OpenGL
0x000000000ba48000 	/System/Library/PrivateFrameworks/Sharing.framework/Versions/A/Sharing
0x000000000ba48000 	/System/Library/Frameworks/CoreGraphics.framework/Versions/A/CoreGraphics
0x000000000ba48000 	/System/Library/Frameworks/CoreText.framework/Versions/A/CoreText
0x000000000ba48000 	/System/Library/Frameworks/ImageIO.framework/Versions/A/ImageIO
0x000000000ba48000 	/usr/lib/libextension.dylib
0x000000000ba48000 	/System/Library/PrivateFrameworks/Backup.framework/Versions/A/Backup
0x000000000ba48000 	/usr/lib/libarchive.2.dylib
0x000000000ba48000 	/System/Library/Frameworks/CFNetwork.framework/Versions/A/CFNetwork
0x000000000ba48000 	/System/Library/Frameworks/SystemConfiguration.framework/Versions/A/SystemConfiguration
0x000000000ba48000 	/usr/lib/libCRFSuite.dylib
0x000000000ba48000 	/usr/lib/libc++.1.dylib
0x000000000ba48000 	/usr/lib/libc++abi.dylib
0x000000000ba48000 	/usr/lib/system/libcache.dylib
0x000000000ba48000 	/usr/lib/system/libcommonCrypto.dylib
0x000000000ba48000 	/usr/lib/system/libcompiler_rt.dylib
0x000000000ba48000 	/usr/lib/system/libcopyfile.dylib
0x000000000ba48000 	/usr/lib/system/libcorecrypto.dylib
0x000000000ba48000 	/usr/lib/system/libdispatch.dylib
0x000000000ba48000 	/usr/lib/system/libdyld.dylib
0x000000000ba48000 	/usr/lib/system/libkeymgr.dylib
0x000000000ba48000 	/usr/lib/system/liblaunch.dylib
0x000000000ba48000 	/usr/lib/system/libmacho.dylib
0x000000000ba48000 	/usr/lib/system/libquarantine.dylib
0x000000000ba48000 	/usr/lib/system/libremovefile.dylib
0x000000000ba48000 	/usr/lib/system/libsystem_asl.dylib
0x000000000ba48000 	/usr/lib/system/libsystem_blocks.dylib
0x000000000ba48000 	/usr/lib/system/libsystem_c.dylib
0x000000000ba48000 	/usr/lib/system/libsystem_configuration.dylib
0x000000000ba48000 	/usr/lib/system/libsystem_coreservices.dylib
0x000000000ba48000 	/usr/lib/system/libsystem_coretls.dylib
0x000000000ba48000 	/usr/lib/system/libsystem_dnssd.dylib
0x000000000ba48000 	/usr/lib/system/libsystem_info.dylib
0x000000000ba48000 	/usr/lib/system/libsystem_kernel.dylib
0x000000000ba48000 	/usr/lib/system/libsystem_m.dylib
0x000000000ba48000 	/usr/lib/system/libsystem_malloc.dylib
0x000000000ba48000 	/usr/lib/system/libsystem_network.dylib
0x000000000ba48000 	/usr/lib/system/libsystem_networkextension.dylib
0x000000000ba48000 	/usr/lib/system/libsystem_notify.dylib
0x000000000ba48000 	/usr/lib/system/libsystem_platform.dylib
0x000000000ba48000 	/usr/lib/system/libsystem_pthread.dylib
0x000000000ba48000 	/usr/lib/system/libsystem_sandbox.dylib
0x000000000ba48000 	/usr/lib/system/libsystem_secinit.dylib
0x000000000ba48000 	/usr/lib/system/libsystem_stats.dylib
0x000000000ba48000 	/usr/lib/system/libsystem_trace.dylib
0x000000000ba48000 	/usr/lib/system/libunc.dylib
0x000000000ba48000 	/usr/lib/system/libunwind.dylib
0x000000000ba48000 	/usr/lib/system/libxpc.dylib
0x000000000ba48000 	/usr/lib/libbz2.1.0.dylib
0x000000000ba48000 	/usr/lib/liblzma.5.dylib
0x000000000ba48000 	/usr/lib/libbsm.0.dylib
0x000000000ba48000 	/usr/lib/libsqlite3.dylib
0x000000000ba48000 	/usr/lib/system/libkxld.dylib
0x000000000ba48000 	/usr/lib/libxar.1.dylib
0x000000000ba48000 	/usr/lib/libpam.2.dylib
0x000000000ba48000 	/usr/lib/libOpenScriptingUtil.dylib
0x000000000ba48000 	/System/Library/Frameworks/CoreServices.framework/Versions/A/Frameworks/FSEvents.framework/Versions/A/FSEvents
0x000000000ba48000 	/System/Library/Frameworks/CoreServices.framework/Versions/A/Frameworks/CarbonCore.framework/Versions/A/CarbonCore
0x000000000ba48000 	/System/Library/Frameworks/CoreServices.framework/Versions/A/Frameworks/Metadata.framework/Versions/A/Metadata
0x000000000ba48000 	/System/Library/Frameworks/CoreServices.framework/Versions/A/Frameworks/OSServices.framework/Versions/A/OSServices
0x000000000ba48000 	/System/Library/Frameworks/CoreServices.framework/Versions/A/Frameworks/SearchKit.framework/Versions/A/SearchKit
0x000000000ba48000 	/System/Library/Frameworks/CoreServices.framework/Versions/A/Frameworks/AE.framework/Versions/A/AE
0x000000000ba48000 	/System/Library/Frameworks/CoreServices.framework/Versions/A/Frameworks/LaunchServices.framework/Versions/A/LaunchServices
0x000000000ba48000 	/System/Library/Frameworks/CoreServices.framework/Versions/A/Frameworks/DictionaryServices.framework/Versions/A/DictionaryServices
0x000000000ba48000 	/System/Library/Frameworks/NetFS.framework/Versions/A/NetFS
0x000000000ba48000 	/System/Library/PrivateFrameworks/NetAuth.framework/Versions/A/NetAuth
0x000000000ba48000 	/System/Library/PrivateFrameworks/login.framework/Versions/A/Frameworks/loginsupport.framework/Versions/A/loginsupport
0x000000000ba48000 	/System/Library/PrivateFrameworks/TCC.framework/Versions/A/TCC
0x000000000ba48000 	/usr/lib/libmecabra.dylib
0x000000000ba48000 	/System/Library/Frameworks/ApplicationServices.framework/Versions/A/Frameworks/ATS.framework/Versions/A/ATS
0x000000000ba48000 	/System/Library/Frameworks/ApplicationServices.framework/Versions/A/Frameworks/ColorSync.framework/Versions/A/ColorSync
0x000000000ba48000 	/System/Library/Frameworks/ApplicationServices.framework/Versions/A/Frameworks/HIServices.framework/Versions/A/HIServices
0x000000000ba48000 	/System/Library/Frameworks/ApplicationServices.framework/Versions/A/Frameworks/LangAnalysis.framework/Versions/A/LangAnalysis
0x000000000ba48000 	/System/Library/Frameworks/ApplicationServices.framework/Versions/A/Frameworks/PrintCore.framework/Versions/A/PrintCore
0x000000000ba48000 	/System/Library/Frameworks/ApplicationServices.framework/Versions/A/Frameworks/QD.framework/Versions/A/QD
0x000000000ba48000 	/System/Library/Frameworks/ApplicationServices.framework/Versions/A/Frameworks/SpeechSynthesis.framework/Versions/A/SpeechSynthesis
0x000000000ba48000 	/System/Library/Frameworks/Accelerate.framework/Versions/A/Accelerate
0x000000000ba48000 	/System/Library/Frameworks/Accelerate.framework/Versions/A/Frameworks/vImage.framework/Versions/A/vImage
0x000000000ba48000 	/System/Library/Frameworks/Accelerate.framework/Versions/A/Frameworks/vecLib.framework/Versions/A/vecLib
0x000000000ba48000 	/System/Library/Frameworks/Accelerate.framework/Versions/A/Frameworks/vecLib.framework/Versions/A/libvDSP.dylib
0x000000000ba48000 	/System/Library/Frameworks/Accelerate.framework/Versions/A/Frameworks/vecLib.framework/Versions/A/libvMisc.dylib
0x000000000ba48000 	/System/Library/Frameworks/Accelerate.framework/Versions/A/Frameworks/vecLib.framework/Versions/A/libLAPACK.dylib
0x000000000ba48000 	/System/Library/Frameworks/Accelerate.framework/Versions/A/Frameworks/vecLib.framework/Versions/A/libBLAS.dylib
0x000000000ba48000 	/System/Library/Frameworks/Accelerate.framework/Versions/A/Frameworks/vecLib.framework/Versions/A/libLinearAlgebra.dylib
0x000000000ba48000 	/System/Library/Frameworks/ApplicationServices.framework/Versions/A/Frameworks/ATS.framework/Versions/A/Resources/libFontParser.dylib
0x000000000ba48000 	/System/Library/Frameworks/ApplicationServices.framework/Versions/A/Frameworks/ATS.framework/Versions/A/Resources/libFontRegistry.dylib
0x000000000ba48000 	/System/Library/PrivateFrameworks/AppleVPA.framework/Versions/A/AppleVPA
0x000000000ba48000 	/System/Library/PrivateFrameworks/AppleJPEG.framework/Versions/A/AppleJPEG
0x000000000ba48000 	/System/Library/Frameworks/ImageIO.framework/Versions/A/Resources/libJPEG.dylib
0x000000000ba48000 	/System/Library/Frameworks/ImageIO.framework/Versions/A/Resources/libTIFF.dylib
0x000000000ba48000 	/System/Library/Frameworks/ImageIO.framework/Versions/A/Resources/libPng.dylib
0x000000000ba48000 	/System/Library/Frameworks/ImageIO.framework/Versions/A/Resources/libGIF.dylib
0x000000000ba48000 	/System/Library/Frameworks/ImageIO.framework/Versions/A/Resources/libJP2.dylib
0x000000000ba48000 	/System/Library/Frameworks/ImageIO.framework/Versions/A/Resources/libRadiance.dylib
0x000000000ba48000 	/System/Library/Frameworks/CoreVideo.framework/Versions/A/CoreVideo
0x000000000ba48000 	/System/Library/Frameworks/OpenGL.framework/Versions/A/Libraries/libGLU.dylib
0x000000000ba48000 	/System/Library/Frameworks/OpenGL.framework/Versions/A/Libraries/libGFXShared.dylib
0x000000000ba48000 	/System/Library/Frameworks/OpenGL.framework/Versions/A/Libraries/libGL.dylib
0x000000000ba48000 	/System/Library/Frameworks/OpenGL.framework/Versions/A/Libraries/libGLImage.dylib
0x000000000ba48000 	/System/Library/Frameworks/OpenGL.framework/Versions/A/Libraries/libCVMSPluginSupport.dylib
0x000000000ba48000 	/System/Library/Frameworks/OpenGL.framework/Versions/A/Libraries/libCoreVMClient.dylib
0x000000000ba48000 	/usr/lib/libcups.2.dylib
0x000000000ba48000 	/System/Library/Frameworks/Kerberos.framework/Versions/A/Kerberos
0x000000000ba48000 	/System/Library/Frameworks/GSS.framework/Versions/A/GSS
0x000000000ba48000 	/usr/lib/libresolv.9.dylib
0x000000000ba48000 	/usr/lib/libiconv.2.dylib
0x000000000ba48000 	/System/Library/PrivateFrameworks/Heimdal.framework/Versions/A/Heimdal
0x000000000ba48000 	/usr/lib/libheimdal-asn1.dylib
0x000000000ba48000 	/System/Library/Frameworks/OpenDirectory.framework/Versions/A/OpenDirectory
0x000000000ba48000 	/System/Library/PrivateFrameworks/CommonAuth.framework/Versions/A/CommonAuth
0x000000000ba48000 	/System/Library/Frameworks/OpenDirectory.framework/Versions/A/Frameworks/CFOpenDirectory.framework/Versions/A/CFOpenDirectory
0x000000000ba48000 	/System/Library/Frameworks/SecurityFoundation.framework/Versions/A/SecurityFoundation
0x000000000ba48000 	/System/Library/PrivateFrameworks/LanguageModeling.framework/Versions/A/LanguageModeling
0x000000000ba48000 	/usr/lib/libcmph.dylib
0x000000000ba48000 	/System/Library/Frameworks/ServiceManagement.framework/Versions/A/ServiceManagement
0x000000000ba48000 	/usr/lib/libxslt.1.dylib
0x000000000ba48000 	/System/Library/Frameworks/Carbon.framework/Versions/A/Frameworks/Ink.framework/Versions/A/Ink
0x000000000ba48000 	/System/Library/Frameworks/QuartzCore.framework/Versions/A/Frameworks/CoreImage.framework/Versions/A/CoreImage
0x000000000ba48000 	/System/Library/PrivateFrameworks/CrashReporterSupport.framework/Versions/A/CrashReporterSupport
0x000000000ba48000 	/System/Library/Frameworks/OpenCL.framework/Versions/A/OpenCL
0x000000000ba48000 	/System/Library/PrivateFrameworks/FaceCore.framework/Versions/A/FaceCore
0x000000000ba48000 	/System/Library/PrivateFrameworks/Ubiquity.framework/Versions/A/Ubiquity
0x000000000ba48000 	/System/Library/PrivateFrameworks/IconServices.framework/Versions/A/IconServices
0x000000000ba48000 	/System/Library/PrivateFrameworks/ChunkingLibrary.framework/Versions/A/ChunkingLibrary
0x000000000ba48000 	/System/Library/PrivateFrameworks/Apple80211.framework/Versions/A/Apple80211
0x000000000ba48000 	/System/Library/Frameworks/CoreWLAN.framework/Versions/A/CoreWLAN
0x000000000ba48000 	/System/Library/Frameworks/IOBluetooth.framework/Versions/A/IOBluetooth
0x000000000ba48000 	/System/Library/PrivateFrameworks/CoreWiFi.framework/Versions/A/CoreWiFi
0x000000000ba48000 	/System/Library/Frameworks/CoreBluetooth.framework/Versions/A/CoreBluetooth
0x000000000ba48000 	/System/Library/PrivateFrameworks/DebugSymbols.framework/Versions/A/DebugSymbols
0x000000000ba48000 	/System/Library/PrivateFrameworks/CoreSymbolication.framework/Versions/A/CoreSymbolication
0x000000000ba48000 	/System/Library/PrivateFrameworks/Symbolication.framework/Versions/A/Symbolication
0x000000000ba48000 	/System/Library/PrivateFrameworks/SpeechRecognitionCore.framework/Versions/A/SpeechRecognitionCore
0x000000010f800000 	/Library/Java/JavaVirtualMachines/jdk1.7.0_71.jdk/Contents/Home/jre/lib/server/libjvm.dylib
0x000000000ba48000 	/usr/lib/libstdc++.6.dylib
0x000000010efe8000 	/Library/Java/JavaVirtualMachines/jdk1.7.0_71.jdk/Contents/Home/jre/lib/libverify.dylib
0x0000000110260000 	/Library/Java/JavaVirtualMachines/jdk1.7.0_71.jdk/Contents/Home/jre/lib/libjava.dylib
0x0000000110290000 	/Library/Java/JavaVirtualMachines/jdk1.7.0_71.jdk/Contents/Home/jre/lib/libzip.dylib
0x0000000117c16000 	/System/Library/Frameworks/JavaVM.framework/Frameworks/JavaRuntimeSupport.framework/JavaRuntimeSupport
0x0000000117c2e000 	/System/Library/Frameworks/JavaVM.framework/Versions/A/Frameworks/JavaNativeFoundation.framework/Versions/A/JavaNativeFoundation
0x0000000117c43000 	/System/Library/Frameworks/JavaVM.framework/Versions/A/JavaVM
0x000000000ba48000 	/System/Library/Frameworks/Carbon.framework/Versions/A/Carbon
0x0000000117c50000 	/System/Library/PrivateFrameworks/JavaLaunching.framework/Versions/A/JavaLaunching
0x000000000ba48000 	/System/Library/Frameworks/Carbon.framework/Versions/A/Frameworks/CommonPanels.framework/Versions/A/CommonPanels
0x000000000ba48000 	/System/Library/Frameworks/Carbon.framework/Versions/A/Frameworks/Help.framework/Versions/A/Help
0x000000000ba48000 	/System/Library/Frameworks/Carbon.framework/Versions/A/Frameworks/ImageCapture.framework/Versions/A/ImageCapture
0x000000000ba48000 	/System/Library/Frameworks/Carbon.framework/Versions/A/Frameworks/OpenScripting.framework/Versions/A/OpenScripting
0x000000000ba48000 	/System/Library/Frameworks/Carbon.framework/Versions/A/Frameworks/Print.framework/Versions/A/Print
0x000000000ba48000 	/System/Library/Frameworks/Carbon.framework/Versions/A/Frameworks/SecurityHI.framework/Versions/A/SecurityHI
0x0000000119cb9000 	/Library/Java/JavaVirtualMachines/jdk1.7.0_71.jdk/Contents/Home/jre/lib/libnet.dylib
0x0000000119d17000 	/Library/Java/JavaVirtualMachines/jdk1.7.0_71.jdk/Contents/Home/jre/lib/libnio.dylib
0x000000011a1e1000 	/private/var/folders/xf/6l5grgqn7k78b140mrkk45n80000gn/T/native-platform3852696832148767129dir/libnative-platform.dylib
0x0000000117d32000 	/Library/Java/JavaVirtualMachines/jdk1.7.0_71.jdk/Contents/Home/jre/lib/libsunec.dylib

VM Arguments:
jvm_args: -XX:MaxPermSize=256m -XX:+HeapDumpOnOutOfMemoryError -Xmx1024m -Dfile.encoding=UTF-8 -Duser.country=US -Duser.language=en -Duser.variant 
java_command: org.gradle.launcher.daemon.bootstrap.GradleDaemon 2.2.1 /Users/Mohsen/.gradle/daemon 10800000 77de0b61-1bcb-4c76-809a-9de7a9d16c61 -XX:MaxPermSize=256m -XX:+HeapDumpOnOutOfMemoryError -Xmx1024m -Dfile.encoding=UTF-8 -Duser.country=US -Duser.language=en -Duser.variant
Launcher Type: SUN_STANDARD

Environment Variables:
PATH=/usr/bin:/bin:/usr/sbin:/sbin
SHELL=/bin/bash
DISPLAY=/private/tmp/com.apple.launchd.GalDvXlpdW/org.macosforge.xquartz:0

Signal Handlers:
SIGSEGV: [libjvm.dylib+0x52c49d], sa_mask[0]=0xfffefeff, sa_flags=0x00000043
SIGBUS: [libjvm.dylib+0x52c49d], sa_mask[0]=0xfffefeff, sa_flags=0x00000042
SIGFPE: [libjvm.dylib+0x41e53a], sa_mask[0]=0xfffefeff, sa_flags=0x00000042
SIGPIPE: [libjvm.dylib+0x41e53a], sa_mask[0]=0xfffefeff, sa_flags=0x00000042
SIGXFSZ: [libjvm.dylib+0x41e53a], sa_mask[0]=0xfffefeff, sa_flags=0x00000042
SIGILL: [libjvm.dylib+0x41e53a], sa_mask[0]=0xfffefeff, sa_flags=0x00000042
SIGUSR1: SIG_DFL, sa_mask[0]=0x00000000, sa_flags=0x00000000
SIGUSR2: [libjvm.dylib+0x41e02c], sa_mask[0]=0x00000004, sa_flags=0x00000042
SIGHUP: [libjvm.dylib+0x41c2bd], sa_mask[0]=0xfffefeff, sa_flags=0x00000042
SIGINT: [libjvm.dylib+0x41c2bd], sa_mask[0]=0xfffefeff, sa_flags=0x00000042
SIGTERM: [libjvm.dylib+0x41c2bd], sa_mask[0]=0xfffefeff, sa_flags=0x00000042
SIGQUIT: [libjvm.dylib+0x41c2bd], sa_mask[0]=0xfffefeff, sa_flags=0x00000042


---------------  S Y S T E M  ---------------

OS:Bsduname:Darwin 14.4.0 Darwin Kernel Version 14.4.0: Thu May 28 11:35:04 PDT 2015; root:xnu-2782.30.5~1/RELEASE_X86_64 x86_64
rlimit: STACK 8192k, CORE 0k, NPROC 709, NOFILE 10240, AS infinity
load average:2.24 2.15 2.11

CPU:total 4 (2 cores per cpu, 2 threads per core) family 6 model 58 stepping 9, cmov, cx8, fxsr, mmx, sse, sse2, sse3, ssse3, sse4.1, sse4.2, popcnt, avx, aes, erms, ht, tsc, tscinvbit, tscinv

Memory: 4k page, physical 8388608k(2097152k free)

/proc/meminfo:


vm_info: Java HotSpot(TM) 64-Bit Server VM (24.71-b01) for bsd-amd64 JRE (1.7.0_71-b14), built on Sep 26 2014 16:11:44 by "java_re" with gcc 4.2.1 (Based on Apple Inc. build 5658) (LLVM build 2336.11.00)

time: Thu Aug 13 17:48:12 2015
elapsed time: 2704 seconds

